2023-12-19 19:12:743 INFO  LoginPage :45 - Send Admin to username field : [[ChromeDriver: chrome on windows (a111c3deac88a4064db43fa0ed317093)] -> xpath: //input[@placeholder='Username']]
2023-12-19 19:12:836 INFO  LoginPage :50 - Send admin123 to password field : [[ChromeDriver: chrome on windows (a111c3deac88a4064db43fa0ed317093)] -> xpath: //input[@placeholder='Password']]
2023-12-19 19:12:913 INFO  LoginPage :55 - Clicking on Login button : [[ChromeDriver: chrome on windows (a111c3deac88a4064db43fa0ed317093)] -> xpath: //button[normalize-space()='Login']]
2023-12-19 19:12:946 INFO  DashboardPage :27 - Getting text from : [[ChromeDriver: chrome on windows (a111c3deac88a4064db43fa0ed317093)] -> xpath: //h6[normalize-space()='Dashboard']]
2023-12-19 19:12:467 INFO  LoginPage :45 - Send Admin to username field : [[ChromeDriver: chrome on windows (282553d72e714314f71088d385a1ccdc)] -> xpath: //input[@placeholder='Username']]
2023-12-19 19:12:623 INFO  LoginPage :50 - Send admin123 to password field : [[ChromeDriver: chrome on windows (282553d72e714314f71088d385a1ccdc)] -> xpath: //input[@placeholder='Password']]
2023-12-19 19:12:695 INFO  LoginPage :55 - Clicking on Login button : [[ChromeDriver: chrome on windows (282553d72e714314f71088d385a1ccdc)] -> xpath: //button[normalize-space()='Login']]
2023-12-19 19:12:690 INFO  HomePage :40 - Verifying orangeHRM Logo from : [[ChromeDriver: chrome on windows (282553d72e714314f71088d385a1ccdc)] -> xpath: //img[@alt='client brand banner']]
2023-12-19 19:12:976 INFO  LoginPage :45 - Send Admin to username field : [[ChromeDriver: chrome on windows (100e224402451cc299e8c96b4430d721)] -> xpath: //input[@placeholder='Username']]
2023-12-19 19:12:67 INFO  LoginPage :50 - Send admin123 to password field : [[ChromeDriver: chrome on windows (100e224402451cc299e8c96b4430d721)] -> xpath: //input[@placeholder='Password']]
2023-12-19 19:12:148 INFO  LoginPage :55 - Clicking on Login button : [[ChromeDriver: chrome on windows (100e224402451cc299e8c96b4430d721)] -> xpath: //button[normalize-space()='Login']]
2023-12-19 19:12:263 INFO  DashboardPage :33 - Clicking on user profile logo : [[ChromeDriver: chrome on windows (100e224402451cc299e8c96b4430d721)] -> xpath: //img[@class='oxd-userdropdown-img']]
2023-12-19 19:12:61 INFO  DashboardPage :38 - Clicking on logout link : [[ChromeDriver: chrome on windows (100e224402451cc299e8c96b4430d721)] -> xpath: //a[normalize-space()='Logout']]
2023-12-19 19:12:85 INFO  LoginPage :59 - Verify text for login panel : Proxy element for: DefaultElementLocator 'By.xpath: //h5[normalize-space()='Login']'
2023-12-19 19:12:209 INFO  LoginPage :45 - Send  to username field : [[ChromeDriver: chrome on windows (b8ea6ba334d533ed63ac03a24cea84dd)] -> xpath: //input[@placeholder='Username']]
2023-12-19 19:12:287 INFO  LoginPage :50 - Send  to password field : [[ChromeDriver: chrome on windows (b8ea6ba334d533ed63ac03a24cea84dd)] -> xpath: //input[@placeholder='Password']]
2023-12-19 19:12:375 INFO  LoginPage :55 - Clicking on Login button : [[ChromeDriver: chrome on windows (b8ea6ba334d533ed63ac03a24cea84dd)] -> xpath: //button[normalize-space()='Login']]
2023-12-19 19:12:401 INFO  LoginPage :64 - Getting username field blank error message : [[ChromeDriver: chrome on windows (b8ea6ba334d533ed63ac03a24cea84dd)] -> xpath: //div[@class='orangehrm-login-slot-wrapper']//div[1]//div[1]//span[1]]
2023-12-19 19:12:189 INFO  LoginPage :45 - Send test123@gmail.com to username field : [[ChromeDriver: chrome on windows (b1dd87cef854a2b353850800fc6d0410)] -> xpath: //input[@placeholder='Username']]
2023-12-19 19:12:260 INFO  LoginPage :50 - Send  to password field : [[ChromeDriver: chrome on windows (b1dd87cef854a2b353850800fc6d0410)] -> xpath: //input[@placeholder='Password']]
2023-12-19 19:12:346 INFO  LoginPage :55 - Clicking on Login button : [[ChromeDriver: chrome on windows (b1dd87cef854a2b353850800fc6d0410)] -> xpath: //button[normalize-space()='Login']]
2023-12-19 19:12:367 INFO  LoginPage :69 - Getting password field blank error message : [[ChromeDriver: chrome on windows (b1dd87cef854a2b353850800fc6d0410)] -> xpath: //span[@class='oxd-text oxd-text--span oxd-input-field-error-message oxd-input-group__message']]
2023-12-19 19:12:831 INFO  LoginPage :45 - Send  to username field : [[ChromeDriver: chrome on windows (0c43fc1bd955f5256fcc51c8b4074b8e)] -> xpath: //input[@placeholder='Username']]
2023-12-19 19:12:932 INFO  LoginPage :50 - Send test123 to password field : [[ChromeDriver: chrome on windows (0c43fc1bd955f5256fcc51c8b4074b8e)] -> xpath: //input[@placeholder='Password']]
2023-12-19 19:12:00 INFO  LoginPage :55 - Clicking on Login button : [[ChromeDriver: chrome on windows (0c43fc1bd955f5256fcc51c8b4074b8e)] -> xpath: //button[normalize-space()='Login']]
2023-12-19 19:12:19 INFO  LoginPage :64 - Getting username field blank error message : [[ChromeDriver: chrome on windows (0c43fc1bd955f5256fcc51c8b4074b8e)] -> xpath: //div[@class='orangehrm-login-slot-wrapper']//div[1]//div[1]//span[1]]
2023-12-19 19:12:761 INFO  LoginPage :45 - Send test123@gmail.com to username field : [[ChromeDriver: chrome on windows (710ed7fc08ef57f24de2ddc1e1bb41f8)] -> xpath: //input[@placeholder='Username']]
2023-12-19 19:12:863 INFO  LoginPage :50 - Send test123 to password field : [[ChromeDriver: chrome on windows (710ed7fc08ef57f24de2ddc1e1bb41f8)] -> xpath: //input[@placeholder='Password']]
2023-12-19 19:12:15 INFO  LoginPage :55 - Clicking on Login button : [[ChromeDriver: chrome on windows (710ed7fc08ef57f24de2ddc1e1bb41f8)] -> xpath: //button[normalize-space()='Login']]
2023-12-19 19:12:284 INFO  LoginPage :74 - Getting invalid credential error message : [[ChromeDriver: chrome on windows (710ed7fc08ef57f24de2ddc1e1bb41f8)] -> xpath: //p[@class='oxd-text oxd-text--p oxd-alert-content-text']]
2023-12-19 19:12:329 INFO  LoginPage :45 - Send Admin to username field : [[ChromeDriver: chrome on windows (c4fe3e93e882f93b863f65d0fc2a31bb)] -> xpath: //input[@placeholder='Username']]
2023-12-19 19:12:416 INFO  LoginPage :50 - Send admin123 to password field : [[ChromeDriver: chrome on windows (c4fe3e93e882f93b863f65d0fc2a31bb)] -> xpath: //input[@placeholder='Password']]
2023-12-19 19:12:490 INFO  LoginPage :55 - Clicking on Login button : [[ChromeDriver: chrome on windows (c4fe3e93e882f93b863f65d0fc2a31bb)] -> xpath: //button[normalize-space()='Login']]
2023-12-19 19:12:530 INFO  HomePage :46 - Clicking on Admin link : [[ChromeDriver: chrome on windows (c4fe3e93e882f93b863f65d0fc2a31bb)] -> xpath: //li[1]//a[1]//span[1]]
2023-12-19 19:12:769 INFO  ViewSystemUsersPage :91 - Verifying System Users text : [[ChromeDriver: chrome on windows (c4fe3e93e882f93b863f65d0fc2a31bb)] -> xpath: //h5[normalize-space()='System Users']]
2023-12-19 19:12:172 INFO  ViewSystemUsersPage :162 - Clicking on Add button : [[ChromeDriver: chrome on windows (c4fe3e93e882f93b863f65d0fc2a31bb)] -> xpath: //button[normalize-space()='Add']]
2023-12-19 19:12:403 INFO  AddUsersPage :75 - Verifying AddUser text from : [[ChromeDriver: chrome on windows (c4fe3e93e882f93b863f65d0fc2a31bb)] -> xpath: //h6[normalize-space()='Add User']]
2023-12-19 19:12:447 INFO  AddUsersPage :80 - Clicking on UserRole drop-down : [[ChromeDriver: chrome on windows (c4fe3e93e882f93b863f65d0fc2a31bb)] -> xpath: (//div[@class = 'oxd-select-wrapper'])[1]]
2023-12-19 19:12:610 INFO  AddUsersPage :85 - Clicking on Admin option in UserRole drop-down : [[ChromeDriver: chrome on windows (c4fe3e93e882f93b863f65d0fc2a31bb)] -> xpath: //span[contains(text(),'Admin')]]
2023-12-19 19:12:789 INFO  AddUsersPage :96 - Enter Peter Mac Anderson to Employee Name field : [[ChromeDriver: chrome on windows (c4fe3e93e882f93b863f65d0fc2a31bb)] -> xpath: //input[@placeholder='Type for hints...']]
2023-12-19 19:12:911 INFO  AddUsersPage :116 - Enter Prime78 to User Name field : [[ChromeDriver: chrome on windows (c4fe3e93e882f93b863f65d0fc2a31bb)] -> xpath: //div[@class = 'oxd-form-row']//input[@class = 'oxd-input oxd-input--active']]
2023-12-19 19:12:984 INFO  AddUsersPage :101 - Clicking on Status drop-down : [[ChromeDriver: chrome on windows (c4fe3e93e882f93b863f65d0fc2a31bb)] -> xpath: //div[contains(text(),'-- Select --')]]
2023-12-19 19:12:152 INFO  AddUsersPage :106 - Clicking on Disable option in Status drop-down : [[ChromeDriver: chrome on windows (c4fe3e93e882f93b863f65d0fc2a31bb)] -> xpath: //span[normalize-space()='Disabled']]
2023-12-19 19:12:249 INFO  AddUsersPage :121 - Enter prime123 to Password field : [[ChromeDriver: chrome on windows (c4fe3e93e882f93b863f65d0fc2a31bb)] -> xpath: //div[@class='oxd-grid-item oxd-grid-item--gutters user-password-cell']//div[@class='oxd-input-group oxd-input-field-bottom-space']//div//input[@type='password']]
2023-12-19 19:12:366 INFO  AddUsersPage :126 - Enter prime123 to Confirm Password field : [[ChromeDriver: chrome on windows (c4fe3e93e882f93b863f65d0fc2a31bb)] -> xpath: //div[@class='oxd-grid-item oxd-grid-item--gutters']//div[@class='oxd-input-group oxd-input-field-bottom-space']//div//input[@type='password']]
2023-12-19 19:12:446 INFO  AddUsersPage :131 - Clicking on Save button : [[ChromeDriver: chrome on windows (c4fe3e93e882f93b863f65d0fc2a31bb)] -> xpath: //button[normalize-space()='Save']]
2023-12-19 19:12:478 INFO  AddUsersPage :140 - Getting User Added Successfully message : Proxy element for: DefaultElementLocator 'By.xpath: //p[@class='oxd-text oxd-text--p oxd-text--toast-message oxd-toast-content-text']'
2023-12-19 19:12:714 INFO  LoginPage :45 - Send Admin to username field : [[ChromeDriver: chrome on windows (76d09bc6da43d7cfb0353a1281b3ccc8)] -> xpath: //input[@placeholder='Username']]
2023-12-19 19:12:808 INFO  LoginPage :50 - Send admin123 to password field : [[ChromeDriver: chrome on windows (76d09bc6da43d7cfb0353a1281b3ccc8)] -> xpath: //input[@placeholder='Password']]
2023-12-19 19:12:887 INFO  LoginPage :55 - Clicking on Login button : [[ChromeDriver: chrome on windows (76d09bc6da43d7cfb0353a1281b3ccc8)] -> xpath: //button[normalize-space()='Login']]
2023-12-19 19:12:50 INFO  HomePage :46 - Clicking on Admin link : [[ChromeDriver: chrome on windows (76d09bc6da43d7cfb0353a1281b3ccc8)] -> xpath: //li[1]//a[1]//span[1]]
2023-12-19 19:12:296 INFO  ViewSystemUsersPage :91 - Verifying System Users text : [[ChromeDriver: chrome on windows (76d09bc6da43d7cfb0353a1281b3ccc8)] -> xpath: //h5[normalize-space()='System Users']]
2023-12-19 19:12:407 INFO  ViewSystemUsersPage :97 - Enter Prime78 to User Name field : [[ChromeDriver: chrome on windows (76d09bc6da43d7cfb0353a1281b3ccc8)] -> xpath: //div[@class='oxd-input-group oxd-input-field-bottom-space']//div//input[@class='oxd-input oxd-input--active']]
2023-12-19 19:12:432 INFO  ViewSystemUsersPage :101 - Clicking on UserRole drop-down : [[ChromeDriver: chrome on windows (76d09bc6da43d7cfb0353a1281b3ccc8)] -> xpath: //div[@class='oxd-table-filter-area']//div[2]//div[1]//div[2]//div[1]//div[1]//div[1]]
2023-12-19 19:12:489 INFO  ViewSystemUsersPage :106 - Clicking on Admin option in UserRole drop-down : [[ChromeDriver: chrome on windows (76d09bc6da43d7cfb0353a1281b3ccc8)] -> xpath: //span[contains(text(),'Admin')]]
2023-12-19 19:12:824 INFO  ViewSystemUsersPage :117 - Clicking on Status drop-down : [[ChromeDriver: chrome on windows (76d09bc6da43d7cfb0353a1281b3ccc8)] -> xpath: (//i)[13]]
2023-12-19 19:12:980 INFO  ViewSystemUsersPage :122 - Clicking on Disable option in Status drop-down : [[ChromeDriver: chrome on windows (76d09bc6da43d7cfb0353a1281b3ccc8)] -> xpath: //span[normalize-space()='Disabled']]
2023-12-19 19:12:48 INFO  ViewSystemUsersPage :132 - Clicking on Search button : [[ChromeDriver: chrome on windows (76d09bc6da43d7cfb0353a1281b3ccc8)] -> xpath: //button[normalize-space()='Search']]
2023-12-19 19:12:50 INFO  ViewSystemUsersPage :141 - Getting UserName from record : Proxy element for: DefaultElementLocator 'By.xpath: (//div[@data-v-6c07a142])[1]'
2023-12-19 19:12:817 INFO  LoginPage :45 - Send Admin to username field : [[ChromeDriver: chrome on windows (5028c6f2f6bd5a3a960b60f71a1acc8b)] -> xpath: //input[@placeholder='Username']]
2023-12-19 19:12:926 INFO  LoginPage :50 - Send admin123 to password field : [[ChromeDriver: chrome on windows (5028c6f2f6bd5a3a960b60f71a1acc8b)] -> xpath: //input[@placeholder='Password']]
2023-12-19 19:12:01 INFO  LoginPage :55 - Clicking on Login button : [[ChromeDriver: chrome on windows (5028c6f2f6bd5a3a960b60f71a1acc8b)] -> xpath: //button[normalize-space()='Login']]
2023-12-19 19:12:271 INFO  HomePage :46 - Clicking on Admin link : [[ChromeDriver: chrome on windows (5028c6f2f6bd5a3a960b60f71a1acc8b)] -> xpath: //li[1]//a[1]//span[1]]
2023-12-19 19:12:556 INFO  ViewSystemUsersPage :91 - Verifying System Users text : [[ChromeDriver: chrome on windows (5028c6f2f6bd5a3a960b60f71a1acc8b)] -> xpath: //h5[normalize-space()='System Users']]
2023-12-19 19:12:665 INFO  ViewSystemUsersPage :97 - Enter Prime78 to User Name field : [[ChromeDriver: chrome on windows (5028c6f2f6bd5a3a960b60f71a1acc8b)] -> xpath: //div[@class='oxd-input-group oxd-input-field-bottom-space']//div//input[@class='oxd-input oxd-input--active']]
2023-12-19 19:12:684 INFO  ViewSystemUsersPage :101 - Clicking on UserRole drop-down : [[ChromeDriver: chrome on windows (5028c6f2f6bd5a3a960b60f71a1acc8b)] -> xpath: //div[@class='oxd-table-filter-area']//div[2]//div[1]//div[2]//div[1]//div[1]//div[1]]
2023-12-19 19:12:742 INFO  ViewSystemUsersPage :106 - Clicking on Admin option in UserRole drop-down : [[ChromeDriver: chrome on windows (5028c6f2f6bd5a3a960b60f71a1acc8b)] -> xpath: //span[contains(text(),'Admin')]]
2023-12-19 19:12:961 INFO  ViewSystemUsersPage :117 - Clicking on Status drop-down : [[ChromeDriver: chrome on windows (5028c6f2f6bd5a3a960b60f71a1acc8b)] -> xpath: (//i)[13]]
2023-12-19 19:12:115 INFO  ViewSystemUsersPage :122 - Clicking on Disable option in Status drop-down : [[ChromeDriver: chrome on windows (5028c6f2f6bd5a3a960b60f71a1acc8b)] -> xpath: //span[normalize-space()='Disabled']]
2023-12-19 19:12:191 INFO  ViewSystemUsersPage :132 - Clicking on Search button : [[ChromeDriver: chrome on windows (5028c6f2f6bd5a3a960b60f71a1acc8b)] -> xpath: //button[normalize-space()='Search']]
2023-12-19 19:12:251 INFO  ViewSystemUsersPage :141 - Getting UserName from record : Proxy element for: DefaultElementLocator 'By.xpath: (//div[@data-v-6c07a142])[1]'
2023-12-19 19:12:157 INFO  LoginPage :45 - Send Admin to username field : [[ChromeDriver: chrome on windows (457706b211f755e9c0e4e7fe015750dc)] -> xpath: //input[@placeholder='Username']]
2023-12-19 19:12:250 INFO  LoginPage :50 - Send admin123 to password field : [[ChromeDriver: chrome on windows (457706b211f755e9c0e4e7fe015750dc)] -> xpath: //input[@placeholder='Password']]
2023-12-19 19:12:331 INFO  LoginPage :55 - Clicking on Login button : [[ChromeDriver: chrome on windows (457706b211f755e9c0e4e7fe015750dc)] -> xpath: //button[normalize-space()='Login']]
2023-12-19 19:12:564 INFO  HomePage :46 - Clicking on Admin link : [[ChromeDriver: chrome on windows (457706b211f755e9c0e4e7fe015750dc)] -> xpath: //li[1]//a[1]//span[1]]
2023-12-19 19:12:799 INFO  ViewSystemUsersPage :91 - Verifying System Users text : [[ChromeDriver: chrome on windows (457706b211f755e9c0e4e7fe015750dc)] -> xpath: //h5[normalize-space()='System Users']]
2023-12-19 19:12:919 INFO  ViewSystemUsersPage :97 - Enter Admin to User Name field : [[ChromeDriver: chrome on windows (457706b211f755e9c0e4e7fe015750dc)] -> xpath: //div[@class='oxd-input-group oxd-input-field-bottom-space']//div//input[@class='oxd-input oxd-input--active']]
2023-12-19 19:12:940 INFO  ViewSystemUsersPage :101 - Clicking on UserRole drop-down : [[ChromeDriver: chrome on windows (457706b211f755e9c0e4e7fe015750dc)] -> xpath: //div[@class='oxd-table-filter-area']//div[2]//div[1]//div[2]//div[1]//div[1]//div[1]]
2023-12-19 19:12:01 INFO  ViewSystemUsersPage :111 - Clicking on ESS option in UserRole drop-down : [[ChromeDriver: chrome on windows (457706b211f755e9c0e4e7fe015750dc)] -> xpath: //span[contains(text(),'ESS')]]
2023-12-19 19:12:208 INFO  ViewSystemUsersPage :117 - Clicking on Status drop-down : [[ChromeDriver: chrome on windows (457706b211f755e9c0e4e7fe015750dc)] -> xpath: (//i)[13]]
2023-12-19 19:12:368 INFO  ViewSystemUsersPage :122 - Clicking on Disable option in Status drop-down : [[ChromeDriver: chrome on windows (457706b211f755e9c0e4e7fe015750dc)] -> xpath: //span[normalize-space()='Disabled']]
2023-12-19 19:12:435 INFO  ViewSystemUsersPage :132 - Clicking on Search button : [[ChromeDriver: chrome on windows (457706b211f755e9c0e4e7fe015750dc)] -> xpath: //button[normalize-space()='Search']]
2023-12-19 19:12:509 INFO  ViewSystemUsersPage :166 - Getting OneRecord Found message : Proxy element for: DefaultElementLocator 'By.xpath: //span[normalize-space()='(1) Record Found']'
2023-12-19 19:12:674 INFO  LoginPage :45 - Send Admin to username field : [[ChromeDriver: chrome on windows (6ed222dbc61b5941073a8cd8b91b2057)] -> xpath: //input[@placeholder='Username']]
2023-12-19 19:12:873 INFO  LoginPage :50 - Send admin123 to password field : [[ChromeDriver: chrome on windows (6ed222dbc61b5941073a8cd8b91b2057)] -> xpath: //input[@placeholder='Password']]
2023-12-19 19:12:929 INFO  LoginPage :55 - Clicking on Login button : [[ChromeDriver: chrome on windows (6ed222dbc61b5941073a8cd8b91b2057)] -> xpath: //button[normalize-space()='Login']]
2023-12-19 19:12:219 INFO  HomePage :46 - Clicking on Admin link : [[ChromeDriver: chrome on windows (6ed222dbc61b5941073a8cd8b91b2057)] -> xpath: //li[1]//a[1]//span[1]]
2023-12-19 19:12:459 INFO  ViewSystemUsersPage :91 - Verifying System Users text : [[ChromeDriver: chrome on windows (6ed222dbc61b5941073a8cd8b91b2057)] -> xpath: //h5[normalize-space()='System Users']]
2023-12-19 19:12:608 INFO  ViewSystemUsersPage :97 - Enter Nina.Patel to User Name field : [[ChromeDriver: chrome on windows (6ed222dbc61b5941073a8cd8b91b2057)] -> xpath: //div[@class='oxd-input-group oxd-input-field-bottom-space']//div//input[@class='oxd-input oxd-input--active']]
2023-12-19 19:12:625 INFO  ViewSystemUsersPage :101 - Clicking on UserRole drop-down : [[ChromeDriver: chrome on windows (6ed222dbc61b5941073a8cd8b91b2057)] -> xpath: //div[@class='oxd-table-filter-area']//div[2]//div[1]//div[2]//div[1]//div[1]//div[1]]
2023-12-19 19:12:791 INFO  ViewSystemUsersPage :111 - Clicking on ESS option in UserRole drop-down : [[ChromeDriver: chrome on windows (6ed222dbc61b5941073a8cd8b91b2057)] -> xpath: //span[contains(text(),'ESS')]]
2023-12-19 19:12:997 INFO  ViewSystemUsersPage :117 - Clicking on Status drop-down : [[ChromeDriver: chrome on windows (6ed222dbc61b5941073a8cd8b91b2057)] -> xpath: (//i)[13]]
2023-12-19 19:12:174 INFO  ViewSystemUsersPage :122 - Clicking on Disable option in Status drop-down : [[ChromeDriver: chrome on windows (6ed222dbc61b5941073a8cd8b91b2057)] -> xpath: //span[normalize-space()='Disabled']]
2023-12-19 19:12:254 INFO  ViewSystemUsersPage :132 - Clicking on Search button : [[ChromeDriver: chrome on windows (6ed222dbc61b5941073a8cd8b91b2057)] -> xpath: //button[normalize-space()='Search']]
2023-12-19 19:12:280 INFO  ViewSystemUsersPage :166 - Getting OneRecord Found message : Proxy element for: DefaultElementLocator 'By.xpath: //span[normalize-space()='(1) Record Found']'
